[backblue.gif]
[fade.gif]
[index.html]
[www.nrly.co/images/facebookog.jpg]
[use.typekit.net/pzx0zeb.js]
[www.nrly.co/images/nathanriley.jpg]
[www.nrly.co/js/main.min.js]
[www.google-analytics.com/analytics.js]
[www.nrly.co/index.html]
[www.nrly.co/favicon.ico]
[www.nrly.co/fonts/fontawesome.eot]
[www.nrly.co/fonts/fontawesomed41d.eot]
[www.nrly.co/fonts/fontawesome.woff]
[www.nrly.co/css/default.css]
[www.nrly.co/css/animate.css]
[www.nrly.co/images/specialized3.png]
[www.nrly.co/images/boosted.png]
[www.nrly.co/images/sassi3.png]
[www.nrly.co/images/dirtdays.png]
[www.nrly.co/images/volcom2.png]
[www.nrly.co/images/rileys3.png]
[www.nrly.co/css/component.css]
[ajax.googleapis.com/ajax/libs/jquery/1.9.1/jquery.min.js]
[www.nrly.co/fonts/fontawesome.svg]
[www.nrly.co/fonts/fontawesome.ttf]
[www.nrly.co/images/logo.svg]
